#
# There is insufficient memory for the Java Runtime Environment to continue.
# Native memory allocation (malloc) failed to allocate 1611536 bytes. Error detail: Chunk::new
# Possible reasons:
#   The system is out of physical RAM or swap space
#   This process is running with CompressedOops enabled, and the Java Heap may be blocking the growth of the native heap
# Possible solutions:
#   Reduce memory load on the system
#   Increase physical memory or swap space
#   Check if swap backing store is full
#   Decrease Java heap size (-Xmx/-Xms)
#   Decrease number of Java threads
#   Decrease Java thread stack sizes (-Xss)
#   Set larger code cache with -XX:ReservedCodeCacheSize=
#   JVM is running with Unscaled Compressed Oops mode in which the Java heap is
#     placed in the first 4GB address space. The Java Heap base address is the
#     maximum limit for the native heap growth. Please use -XX:HeapBaseMinAddress
#     to set the Java Heap base and to place the Java Heap above 4GB virtual address.
# This output file may be truncated or incomplete.
#
#  Out of Memory Error (arena.cpp:191), pid=17752, tid=31788
#
# JRE version: OpenJDK Runtime Environment Temurin-17.0.13+11 (17.0.13+11) (build 17.0.13+11)
# Java VM: OpenJDK 64-Bit Server VM Temurin-17.0.13+11 (17.0.13+11, mixed mode, tiered, compressed oops, compressed class ptrs, parallel gc, windows-amd64)
# No core dump will be written. Minidumps are not enabled by default on client versions of Windows
#

---------------  S U M M A R Y ------------

Command Line: --add-modules=ALL-SYSTEM --add-opens=java.base/java.util=ALL-UNNAMED --add-opens=java.base/java.lang=ALL-UNNAMED --add-opens=java.base/sun.nio.fs=ALL-UNNAMED -Declipse.application=org.eclipse.jdt.ls.core.id1 -Dosgi.bundles.defaultStartLevel=4 -Declipse.product=org.eclipse.jdt.ls.core.product -Djava.import.generatesMetadataFilesAtProjectRoot=false -DDetectVMInstallationsJob.disabled=true -Dfile.encoding=utf8 -XX:+UseParallelGC -XX:GCTimeRatio=4 -XX:AdaptiveSizePolicyWeight=90 -Dsun.zip.disableMemoryMapping=true -Xmx1G -Xms100m -Xlog:disable -javaagent:c:\Users\ALEX DAVID RUIDIAZ C\.vscode\extensions\redhat.java-1.36.0-win32-x64\lombok\lombok-1.18.35.jar -XX:+HeapDumpOnOutOfMemoryError -XX:HeapDumpPath=c:\Users\ALEX DAVID RUIDIAZ C\AppData\Roaming\Code\User\workspaceStorage\7160aa69df7f456715918ce46451b06d\redhat.java -Daether.dependencyCollector.impl=bf c:\Users\ALEX DAVID RUIDIAZ C\.vscode\extensions\redhat.java-1.36.0-win32-x64\server\plugins\org.eclipse.equinox.launcher_1.6.900.v20240613-2009.jar -configuration c:\Users\ALEX DAVID RUIDIAZ C\AppData\Roaming\Code\User\globalStorage\redhat.java\1.36.0\config_win -data c:\Users\ALEX DAVID RUIDIAZ C\AppData\Roaming\Code\User\workspaceStorage\7160aa69df7f456715918ce46451b06d\redhat.java\jdt_ws --pipe=\\.\pipe\lsp-e487468d63a6b54a65bbb56d72d52740-sock

Host: Intel(R) Core(TM) i5-1035G1 CPU @ 1.00GHz, 8 cores, 7G,  Windows 11 , 64 bit Build 22621 (10.0.22621.3958)
Time: Mon Nov 18 15:37:54 2024 Hora est. Pacífico, Sudamérica elapsed time: 112.860110 seconds (0d 0h 1m 52s)

---------------  T H R E A D  ---------------

Current thread (0x0000023fff5c9ce0):  JavaThread "C2 CompilerThread0" daemon [_thread_in_native, id=31788, stack(0x000000eb28900000,0x000000eb28a00000)]


Current CompileTask:
C2: 112860 7075   !   4       com.google.gson.Gson::toJson (178 bytes)

Stack: [0x000000eb28900000,0x000000eb28a00000]
Native frames: (J=compiled Java code, j=interpreted, Vv=VM code, C=native code)
V  [jvm.dll+0x682a19]
V  [jvm.dll+0x839538]
V  [jvm.dll+0x83afe3]
V  [jvm.dll+0x83b653]
V  [jvm.dll+0x24704f]
V  [jvm.dll+0xace34]
V  [jvm.dll+0xad4cc]
V  [jvm.dll+0x36592f]
V  [jvm.dll+0x32fbd8]
V  [jvm.dll+0x32f05a]
V  [jvm.dll+0x21804f]
V  [jvm.dll+0x21748f]
V  [jvm.dll+0x1a3070]
V  [jvm.dll+0x22788c]
V  [jvm.dll+0x2259eb]
V  [jvm.dll+0x7eec98]
V  [jvm.dll+0x7e8ffc]
V  [jvm.dll+0x6818f7]
C  [ucrtbase.dll+0x29333]
C  [KERNEL32.DLL+0x1257d]
C  [ntdll.dll+0x5af08]


---------------  P R O C E S S  ---------------

Threads class SMR info:
_java_thread_list=0x0000023f90943a60, length=37, elements={
0x0000023ff55d5b20, 0x0000023ff567d090, 0x0000023ff567ea60, 0x0000023fff5bdff0,
0x0000023fff5be8c0, 0x0000023fff5bfd40, 0x0000023fff5c30c0, 0x0000023fff5c9ce0,
0x0000023fff5ebf20, 0x0000023fff5f57a0, 0x0000023fff6e3f50, 0x0000023f8f7c17d0,
0x0000023f8fc7c360, 0x0000023f8fd416c0, 0x0000023f8fd3bd60, 0x0000023f901df7d0,
0x0000023f904278e0, 0x0000023f902cc000, 0x0000023f902cd950, 0x0000023f902cc510,
0x0000023f902cd440, 0x0000023f902cb0d0, 0x0000023f902cabc0, 0x0000023f930f1580,
0x0000023f930f6b90, 0x0000023f930f38f0, 0x0000023f930f70a0, 0x0000023f930f29c0,
0x0000023f930f5240, 0x0000023f930f75b0, 0x0000023f930f84e0, 0x0000023f930f2ed0,
0x0000023f930f7ac0, 0x0000023f930f33e0, 0x0000023f930f3e00, 0x0000023f930f7fd0,
0x0000023f930f24b0
}

Java Threads: ( => current thread )
  0x0000023ff55d5b20 JavaThread "main" [_thread_blocked, id=25340, stack(0x000000eb28000000,0x000000eb28100000)]
  0x0000023ff567d090 JavaThread "Reference Handler" daemon [_thread_blocked, id=11676, stack(0x000000eb28300000,0x000000eb28400000)]
  0x0000023ff567ea60 JavaThread "Finalizer" daemon [_thread_blocked, id=31384, stack(0x000000eb28400000,0x000000eb28500000)]
  0x0000023fff5bdff0 JavaThread "Signal Dispatcher" daemon [_thread_blocked, id=32368, stack(0x000000eb28500000,0x000000eb28600000)]
  0x0000023fff5be8c0 JavaThread "Attach Listener" daemon [_thread_blocked, id=5268, stack(0x000000eb28600000,0x000000eb28700000)]
  0x0000023fff5bfd40 JavaThread "Service Thread" daemon [_thread_blocked, id=19344, stack(0x000000eb28700000,0x000000eb28800000)]
  0x0000023fff5c30c0 JavaThread "Monitor Deflation Thread" daemon [_thread_blocked, id=27664, stack(0x000000eb28800000,0x000000eb28900000)]
=>0x0000023fff5c9ce0 JavaThread "C2 CompilerThread0" daemon [_thread_in_native, id=31788, stack(0x000000eb28900000,0x000000eb28a00000)]
  0x0000023fff5ebf20 JavaThread "C1 CompilerThread0" daemon [_thread_blocked, id=10140, stack(0x000000eb28a00000,0x000000eb28b00000)]
  0x0000023fff5f57a0 JavaThread "Sweeper thread" daemon [_thread_blocked, id=12944, stack(0x000000eb28b00000,0x000000eb28c00000)]
  0x0000023fff6e3f50 JavaThread "Common-Cleaner" daemon [_thread_blocked, id=31260, stack(0x000000eb28c00000,0x000000eb28d00000)]
  0x0000023f8f7c17d0 JavaThread "Notification Thread" daemon [_thread_blocked, id=13120, stack(0x000000eb28d00000,0x000000eb28e00000)]
  0x0000023f8fc7c360 JavaThread "Active Thread: Equinox Container: 74a1bee0-8e73-4355-84e7-0a123c0b2c21" [_thread_blocked, id=31928, stack(0x000000eb29400000,0x000000eb29500000)]
  0x0000023f8fd416c0 JavaThread "Refresh Thread: Equinox Container: 74a1bee0-8e73-4355-84e7-0a123c0b2c21" daemon [_thread_blocked, id=14284, stack(0x000000eb29500000,0x000000eb29600000)]
  0x0000023f8fd3bd60 JavaThread "Framework Event Dispatcher: Equinox Container: 74a1bee0-8e73-4355-84e7-0a123c0b2c21" daemon [_thread_blocked, id=17896, stack(0x000000eb29600000,0x000000eb29700000)]
  0x0000023f901df7d0 JavaThread "Start Level: Equinox Container: 74a1bee0-8e73-4355-84e7-0a123c0b2c21" daemon [_thread_blocked, id=30908, stack(0x000000eb29700000,0x000000eb29800000)]
  0x0000023f904278e0 JavaThread "Bundle File Closer" daemon [_thread_blocked, id=14952, stack(0x000000eb29a00000,0x000000eb29b00000)]
  0x0000023f902cc000 JavaThread "SCR Component Actor" daemon [_thread_blocked, id=17644, stack(0x000000eb29b00000,0x000000eb29c00000)]
  0x0000023f902cd950 JavaThread "Worker-JM" [_thread_blocked, id=8336, stack(0x000000eb29e00000,0x000000eb29f00000)]
  0x0000023f902cc510 JavaThread "Worker-1" [_thread_blocked, id=32112, stack(0x000000eb2a000000,0x000000eb2a100000)]
  0x0000023f902cd440 JavaThread "Java indexing" daemon [_thread_blocked, id=29056, stack(0x000000eb2a100000,0x000000eb2a200000)]
  0x0000023f902cb0d0 JavaThread "Worker-3" [_thread_blocked, id=34068, stack(0x000000eb2a300000,0x000000eb2a400000)]
  0x0000023f902cabc0 JavaThread "JNA Cleaner" daemon [_thread_blocked, id=9356, stack(0x000000eb2a400000,0x000000eb2a500000)]
  0x0000023f930f1580 JavaThread "Worker-4: Initialize Workspace" [_thread_blocked, id=26264, stack(0x000000eb2a500000,0x000000eb2a600000)]
  0x0000023f930f6b90 JavaThread "Thread-2" daemon [_thread_in_native, id=14464, stack(0x000000eb2a600000,0x000000eb2a700000)]
  0x0000023f930f38f0 JavaThread "Thread-3" daemon [_thread_in_native, id=19084, stack(0x000000eb2a700000,0x000000eb2a800000)]
  0x0000023f930f70a0 JavaThread "Thread-4" daemon [_thread_in_native, id=16756, stack(0x000000eb2a800000,0x000000eb2a900000)]
  0x0000023f930f29c0 JavaThread "Thread-5" daemon [_thread_in_native, id=31188, stack(0x000000eb2a900000,0x000000eb2aa00000)]
  0x0000023f930f5240 JavaThread "Thread-6" daemon [_thread_in_native, id=31720, stack(0x000000eb2aa00000,0x000000eb2ab00000)]
  0x0000023f930f75b0 JavaThread "Thread-7" daemon [_thread_in_native, id=7756, stack(0x000000eb2ab00000,0x000000eb2ac00000)]
  0x0000023f930f84e0 JavaThread "Thread-8" daemon [_thread_in_native, id=16484, stack(0x000000eb2ac00000,0x000000eb2ad00000)]
  0x0000023f930f2ed0 JavaThread "Thread-9" daemon [_thread_in_native, id=33948, stack(0x000000eb2ad00000,0x000000eb2ae00000)]
  0x0000023f930f7ac0 JavaThread "Thread-10" daemon [_thread_in_native, id=29872, stack(0x000000eb2ae00000,0x000000eb2af00000)]
  0x0000023f930f33e0 JavaThread "pool-2-thread-1" [_thread_blocked, id=18824, stack(0x000000eb2af00000,0x000000eb2b000000)]
  0x0000023f930f3e00 JavaThread "WorkspaceEventsHandler" [_thread_blocked, id=20336, stack(0x000000eb2b000000,0x000000eb2b100000)]
  0x0000023f930f7fd0 JavaThread "pool-1-thread-1" [_thread_blocked, id=11716, stack(0x000000eb2b100000,0x000000eb2b200000)]
  0x0000023f930f24b0 JavaThread "pool-3-thread-1" [_thread_blocked, id=34840, stack(0x000000eb2b300000,0x000000eb2b400000)]

Other Threads:
  0x0000023fff5914b0 VMThread "VM Thread" [stack: 0x000000eb28200000,0x000000eb28300000] [id=11752]
  0x0000023f8f7c1cb0 WatcherThread [stack: 0x000000eb28e00000,0x000000eb28f00000] [id=30400]
  0x0000023ff55f75f0 GCTaskThread "GC Thread#0" [stack: 0x000000eb28100000,0x000000eb28200000] [id=33804]
  0x0000023f8f8d2810 GCTaskThread "GC Thread#1" [stack: 0x000000eb28f00000,0x000000eb29000000] [id=27268]
  0x0000023f8fea55c0 GCTaskThread "GC Thread#2" [stack: 0x000000eb29000000,0x000000eb29100000] [id=12260]
  0x0000023f8fea5c90 GCTaskThread "GC Thread#3" [stack: 0x000000eb29100000,0x000000eb29200000] [id=30040]
  0x0000023f8f8d2ee0 GCTaskThread "GC Thread#4" [stack: 0x000000eb29200000,0x000000eb29300000] [id=1836]
  0x0000023f8f8d31a0 GCTaskThread "GC Thread#5" [stack: 0x000000eb29300000,0x000000eb29400000] [id=11824]
  0x0000023f8fd3c240 GCTaskThread "GC Thread#6" [stack: 0x000000eb29800000,0x000000eb29900000] [id=30880]
  0x0000023f8f87cfa0 GCTaskThread "GC Thread#7" [stack: 0x000000eb29900000,0x000000eb29a00000] [id=29352]

Threads with active compile tasks:
C2 CompilerThread0   112878 7075   !   4       com.google.gson.Gson::toJson (178 bytes)

VM state: not at safepoint (normal execution)

VM Mutex/Monitor currently owned by a thread: None

Heap address: 0x00000000c0000000, size: 1024 MB, Compressed Oops mode: 32-bit

CDS archive(s) not mapped
Compressed class space mapped at: 0x0000000100000000-0x0000000140000000, reserved size: 1073741824
Narrow klass base: 0x0000000000000000, Narrow klass shift: 3, Narrow klass range: 0x140000000

GC Precious Log:
 CPUs: 8 total, 8 available
 Memory: 7932M
 Large Page Support: Disabled
 NUMA Support: Disabled
 Compressed Oops: Enabled (32-bit)
 Alignments: Space 512K, Generation 512K, Heap 2M
 Heap Min Capacity: 100M
 Heap Initial Capacity: 100M
 Heap Max Capacity: 1G
 Pre-touch: Disabled
 Parallel Workers: 8

Heap:
 PSYoungGen      total 21504K, used 2393K [0x00000000eab00000, 0x00000000ec280000, 0x0000000100000000)
  eden space 20992K, 10% used [0x00000000eab00000,0x00000000ead16550,0x00000000ebf80000)
  from space 512K, 50% used [0x00000000ec200000,0x00000000ec240000,0x00000000ec280000)
  to   space 512K, 0% used [0x00000000ec180000,0x00000000ec180000,0x00000000ec200000)
 ParOldGen       total 68608K, used 24959K [0x00000000c0000000, 0x00000000c4300000, 0x00000000eab00000)
  object space 68608K, 36% used [0x00000000c0000000,0x00000000c185fe70,0x00000000c4300000)
 Metaspace       used 57410K, committed 58432K, reserved 1114112K
  class space    used 6246K, committed 6720K, reserved 1048576K

Card table byte_map: [0x0000023ff4f60000,0x0000023ff5170000] _byte_map_base: 0x0000023ff4960000

Marking Bits: (ParMarkBitMap*) 0x00007ff94ffb6940
 Begin Bits: [0x0000023ff8260000, 0x0000023ff9260000)
 End Bits:   [0x0000023ff9260000, 0x0000023ffa260000)

Polling page: 0x0000023ff3590000

Metaspace:

Usage:
  Non-class:     49.97 MB used.
      Class:      6.10 MB used.
       Both:     56.07 MB used.

Virtual space:
  Non-class space:       64.00 MB reserved,      50.50 MB ( 79%) committed,  1 nodes.
      Class space:        1.00 GB reserved,       6.56 MB ( <1%) committed,  1 nodes.
             Both:        1.06 GB reserved,      57.06 MB (  5%) committed. 

Chunk freelists:
   Non-Class:  12.63 MB
       Class:  9.46 MB
        Both:  22.10 MB

MaxMetaspaceSize: unlimited
CompressedClassSpaceSize: 1.00 GB
Initial GC threshold: 21.00 MB
Current GC threshold: 58.38 MB
CDS: off
MetaspaceReclaimPolicy: balanced
 - commit_granule_bytes: 65536.
 - commit_granule_words: 8192.
 - virtual_space_node_default_size: 8388608.
 - enlarge_chunks_in_place: 1.
 - new_chunks_are_fully_committed: 0.
 - uncommit_free_chunks: 1.
 - use_allocation_guard: 0.
 - handle_deallocations: 1.


Internal statistics:

num_allocs_failed_limit: 6.
num_arena_births: 576.
num_arena_deaths: 22.
num_vsnodes_births: 2.
num_vsnodes_deaths: 0.
num_space_committed: 913.
num_space_uncommitted: 0.
num_chunks_returned_to_freelist: 31.
num_chunks_taken_from_freelist: 2587.
num_chunk_merges: 10.
num_chunk_splits: 1608.
num_chunks_enlarged: 984.
num_inconsistent_stats: 0.

CodeHeap 'non-profiled nmethods': size=120000Kb used=3800Kb max_used=3800Kb free=116199Kb
 bounds [0x0000023f87ad0000, 0x0000023f87e90000, 0x0000023f8f000000]
CodeHeap 'profiled nmethods': size=120000Kb used=12174Kb max_used=12174Kb free=107826Kb
 bounds [0x0000023f80000000, 0x0000023f80bf0000, 0x0000023f87530000]
CodeHeap 'non-nmethods': size=5760Kb used=1348Kb max_used=1411Kb free=4411Kb
 bounds [0x0000023f87530000, 0x0000023f877a0000, 0x0000023f87ad0000]
 total_blobs=6914 nmethods=6239 adapters=588
 compilation: enabled
              stopped_count=0, restarted_count=0
 full_count=0

Compilation events (20 events):
Event: 111.189 Thread 0x0000023fff5c9ce0 nmethod 7065 0x0000023f87e7cb10 code [0x0000023f87e7cca0, 0x0000023f87e7cd78]
Event: 111.196 Thread 0x0000023fff5c9ce0 7066       4       org.eclipse.jdt.ls.core.internal.handlers.InitHandler$1::belongsTo (75 bytes)
Event: 111.218 Thread 0x0000023fff5c9ce0 nmethod 7066 0x0000023f87e7ce90 code [0x0000023f87e7d0e0, 0x0000023f87e7d9f8]
Event: 111.218 Thread 0x0000023fff5c9ce0 7067       4       org.eclipse.jdt.ls.core.internal.JobHelpers$InitializeJobMatcher::matches (7 bytes)
Event: 111.231 Thread 0x0000023fff5c9ce0 nmethod 7067 0x0000023f87e7e390 code [0x0000023f87e7e5c0, 0x0000023f87e7ecd8]
Event: 111.321 Thread 0x0000023fff5c9ce0 7068       4       java.nio.ByteBuffer::allocate (20 bytes)
Event: 111.324 Thread 0x0000023fff5c9ce0 nmethod 7068 0x0000023f87e7f610 code [0x0000023f87e7f7a0, 0x0000023f87e7f9f8]
Event: 111.327 Thread 0x0000023fff5c9ce0 7069       4       java.nio.charset.CharsetDecoder::<init> (10 bytes)
Event: 111.330 Thread 0x0000023fff5c9ce0 nmethod 7069 0x0000023f87e7fb90 code [0x0000023f87e7fd60, 0x0000023f87e7ff78]
Event: 111.759 Thread 0x0000023fff5c9ce0 7070       4       org.eclipse.lsp4j.jsonrpc.messages.Either::isLeft (13 bytes)
Event: 111.760 Thread 0x0000023fff5c9ce0 nmethod 7070 0x0000023f87e80110 code [0x0000023f87e80280, 0x0000023f87e80318]
Event: 111.915 Thread 0x0000023fff5c9ce0 7071       4       org.eclipse.lsp4j.jsonrpc.json.adapters.EitherTypeAdapter::write (10 bytes)
Event: 111.944 Thread 0x0000023fff5c9ce0 nmethod 7071 0x0000023f87e80410 code [0x0000023f87e80820, 0x0000023f87e82578]
Event: 111.997 Thread 0x0000023fff5c9ce0 7072   !   4       com.google.gson.internal.bind.ReflectiveTypeAdapterFactory$2::write (140 bytes)
Event: 112.006 Thread 0x0000023fff5c9ce0 nmethod 7072 0x0000023f87e83f90 code [0x0000023f87e841a0, 0x0000023f87e84910]
Event: 112.256 Thread 0x0000023fff5c9ce0 7073   !   4       sun.nio.cs.StreamDecoder::inReady (36 bytes)
Event: 112.257 Thread 0x0000023fff5c9ce0 nmethod 7073 0x0000023f87e85290 code [0x0000023f87e85420, 0x0000023f87e85538]
Event: 112.377 Thread 0x0000023fff5c9ce0 7074  s    4       java.lang.StringBuffer::toString (59 bytes)
Event: 112.381 Thread 0x0000023fff5c9ce0 nmethod 7074 0x0000023f87e85610 code [0x0000023f87e857a0, 0x0000023f87e85e58]
Event: 112.721 Thread 0x0000023fff5c9ce0 7075   !   4       com.google.gson.Gson::toJson (178 bytes)

GC Heap History (20 events):
Event: 10.681 GC heap before
{Heap before GC invocations=17 (full 2):
 PSYoungGen      total 23040K, used 22720K [0x00000000eab00000, 0x00000000ec600000, 0x0000000100000000)
  eden space 22016K, 100% used [0x00000000eab00000,0x00000000ec080000,0x00000000ec080000)
  from space 1024K, 68% used [0x00000000ec500000,0x00000000ec5b0000,0x00000000ec600000)
  to   space 1024K, 0% used [0x00000000ec400000,0x00000000ec400000,0x00000000ec500000)
 ParOldGen       total 68608K, used 16667K [0x00000000c0000000, 0x00000000c4300000, 0x00000000eab00000)
  object space 68608K, 24% used [0x00000000c0000000,0x00000000c1046c90,0x00000000c4300000)
 Metaspace       used 45238K, committed 46208K, reserved 1114112K
  class space    used 4751K, committed 5184K, reserved 1048576K
}
Event: 10.683 GC heap after
{Heap after GC invocations=17 (full 2):
 PSYoungGen      total 23040K, used 864K [0x00000000eab00000, 0x00000000ec580000, 0x0000000100000000)
  eden space 22016K, 0% used [0x00000000eab00000,0x00000000eab00000,0x00000000ec080000)
  from space 1024K, 84% used [0x00000000ec400000,0x00000000ec4d8000,0x00000000ec500000)
  to   space 512K, 0% used [0x00000000ec500000,0x00000000ec500000,0x00000000ec580000)
 ParOldGen       total 68608K, used 17218K [0x00000000c0000000, 0x00000000c4300000, 0x00000000eab00000)
  object space 68608K, 25% used [0x00000000c0000000,0x00000000c10d0890,0x00000000c4300000)
 Metaspace       used 45238K, committed 46208K, reserved 1114112K
  class space    used 4751K, committed 5184K, reserved 1048576K
}
Event: 11.615 GC heap before
{Heap before GC invocations=18 (full 2):
 PSYoungGen      total 23040K, used 22880K [0x00000000eab00000, 0x00000000ec580000, 0x0000000100000000)
  eden space 22016K, 100% used [0x00000000eab00000,0x00000000ec080000,0x00000000ec080000)
  from space 1024K, 84% used [0x00000000ec400000,0x00000000ec4d8000,0x00000000ec500000)
  to   space 512K, 0% used [0x00000000ec500000,0x00000000ec500000,0x00000000ec580000)
 ParOldGen       total 68608K, used 17218K [0x00000000c0000000, 0x00000000c4300000, 0x00000000eab00000)
  object space 68608K, 25% used [0x00000000c0000000,0x00000000c10d0890,0x00000000c4300000)
 Metaspace       used 47754K, committed 48704K, reserved 1114112K
  class space    used 5085K, committed 5504K, reserved 1048576K
}
Event: 11.619 GC heap after
{Heap after GC invocations=18 (full 2):
 PSYoungGen      total 22528K, used 512K [0x00000000eab00000, 0x00000000ec580000, 0x0000000100000000)
  eden space 22016K, 0% used [0x00000000eab00000,0x00000000eab00000,0x00000000ec080000)
  from space 512K, 100% used [0x00000000ec500000,0x00000000ec580000,0x00000000ec580000)
  to   space 2560K, 0% used [0x00000000ec080000,0x00000000ec080000,0x00000000ec300000)
 ParOldGen       total 68608K, used 18669K [0x00000000c0000000, 0x00000000c4300000, 0x00000000eab00000)
  object space 68608K, 27% used [0x00000000c0000000,0x00000000c123b5c0,0x00000000c4300000)
 Metaspace       used 47754K, committed 48704K, reserved 1114112K
  class space    used 5085K, committed 5504K, reserved 1048576K
}
Event: 14.367 GC heap before
{Heap before GC invocations=19 (full 2):
 PSYoungGen      total 22528K, used 22528K [0x00000000eab00000, 0x00000000ec580000, 0x0000000100000000)
  eden space 22016K, 100% used [0x00000000eab00000,0x00000000ec080000,0x00000000ec080000)
  from space 512K, 100% used [0x00000000ec500000,0x00000000ec580000,0x00000000ec580000)
  to   space 2560K, 0% used [0x00000000ec080000,0x00000000ec080000,0x00000000ec300000)
 ParOldGen       total 68608K, used 18669K [0x00000000c0000000, 0x00000000c4300000, 0x00000000eab00000)
  object space 68608K, 27% used [0x00000000c0000000,0x00000000c123b5c0,0x00000000c4300000)
 Metaspace       used 50601K, committed 51648K, reserved 1114112K
  class space    used 5452K, committed 5888K, reserved 1048576K
}
Event: 14.379 GC heap after
{Heap after GC invocations=19 (full 2):
 PSYoungGen      total 24576K, used 1783K [0x00000000eab00000, 0x00000000ec580000, 0x0000000100000000)
  eden space 22016K, 0% used [0x00000000eab00000,0x00000000eab00000,0x00000000ec080000)
  from space 2560K, 69% used [0x00000000ec080000,0x00000000ec23dfb8,0x00000000ec300000)
  to   space 2048K, 0% used [0x00000000ec380000,0x00000000ec380000,0x00000000ec580000)
 ParOldGen       total 68608K, used 19205K [0x00000000c0000000, 0x00000000c4300000, 0x00000000eab00000)
  object space 68608K, 27% used [0x00000000c0000000,0x00000000c12c15d0,0x00000000c4300000)
 Metaspace       used 50601K, committed 51648K, reserved 1114112K
  class space    used 5452K, committed 5888K, reserved 1048576K
}
Event: 17.074 GC heap before
{Heap before GC invocations=20 (full 2):
 PSYoungGen      total 24576K, used 23785K [0x00000000eab00000, 0x00000000ec580000, 0x0000000100000000)
  eden space 22016K, 99% used [0x00000000eab00000,0x00000000ec07c500,0x00000000ec080000)
  from space 2560K, 69% used [0x00000000ec080000,0x00000000ec23dfb8,0x00000000ec300000)
  to   space 2048K, 0% used [0x00000000ec380000,0x00000000ec380000,0x00000000ec580000)
 ParOldGen       total 68608K, used 19205K [0x00000000c0000000, 0x00000000c4300000, 0x00000000eab00000)
  object space 68608K, 27% used [0x00000000c0000000,0x00000000c12c15d0,0x00000000c4300000)
 Metaspace       used 53461K, committed 54528K, reserved 1114112K
  class space    used 5802K, committed 6272K, reserved 1048576K
}
Event: 17.081 GC heap after
{Heap after GC invocations=20 (full 2):
 PSYoungGen      total 23040K, used 2036K [0x00000000eab00000, 0x00000000ec880000, 0x0000000100000000)
  eden space 20992K, 0% used [0x00000000eab00000,0x00000000eab00000,0x00000000ebf80000)
  from space 2048K, 99% used [0x00000000ec380000,0x00000000ec57d288,0x00000000ec580000)
  to   space 4096K, 0% used [0x00000000ebf80000,0x00000000ebf80000,0x00000000ec380000)
 ParOldGen       total 68608K, used 20884K [0x00000000c0000000, 0x00000000c4300000, 0x00000000eab00000)
  object space 68608K, 30% used [0x00000000c0000000,0x00000000c1465008,0x00000000c4300000)
 Metaspace       used 53461K, committed 54528K, reserved 1114112K
  class space    used 5802K, committed 6272K, reserved 1048576K
}
Event: 21.735 GC heap before
{Heap before GC invocations=21 (full 2):
 PSYoungGen      total 23040K, used 23028K [0x00000000eab00000, 0x00000000ec880000, 0x0000000100000000)
  eden space 20992K, 100% used [0x00000000eab00000,0x00000000ebf80000,0x00000000ebf80000)
  from space 2048K, 99% used [0x00000000ec380000,0x00000000ec57d288,0x00000000ec580000)
  to   space 4096K, 0% used [0x00000000ebf80000,0x00000000ebf80000,0x00000000ec380000)
 ParOldGen       total 68608K, used 20884K [0x00000000c0000000, 0x00000000c4300000, 0x00000000eab00000)
  object space 68608K, 30% used [0x00000000c0000000,0x00000000c1465008,0x00000000c4300000)
 Metaspace       used 55815K, committed 56832K, reserved 1114112K
  class space    used 6102K, committed 6528K, reserved 1048576K
}
Event: 21.741 GC heap after
{Heap after GC invocations=21 (full 2):
 PSYoungGen      total 23040K, used 1651K [0x00000000eab00000, 0x00000000ec480000, 0x0000000100000000)
  eden space 20992K, 0% used [0x00000000eab00000,0x00000000eab00000,0x00000000ebf80000)
  from space 2048K, 80% used [0x00000000ebf80000,0x00000000ec11cfa0,0x00000000ec180000)
  to   space 2560K, 0% used [0x00000000ec200000,0x00000000ec200000,0x00000000ec480000)
 ParOldGen       total 68608K, used 22573K [0x00000000c0000000, 0x00000000c4300000, 0x00000000eab00000)
  object space 68608K, 32% used [0x00000000c0000000,0x00000000c160b4c0,0x00000000c4300000)
 Metaspace       used 55815K, committed 56832K, reserved 1114112K
  class space    used 6102K, committed 6528K, reserved 1048576K
}
Event: 95.661 GC heap before
{Heap before GC invocations=22 (full 2):
 PSYoungGen      total 23040K, used 22643K [0x00000000eab00000, 0x00000000ec480000, 0x0000000100000000)
  eden space 20992K, 100% used [0x00000000eab00000,0x00000000ebf80000,0x00000000ebf80000)
  from space 2048K, 80% used [0x00000000ebf80000,0x00000000ec11cfa0,0x00000000ec180000)
  to   space 2560K, 0% used [0x00000000ec200000,0x00000000ec200000,0x00000000ec480000)
 ParOldGen       total 68608K, used 22573K [0x00000000c0000000, 0x00000000c4300000, 0x00000000eab00000)
  object space 68608K, 32% used [0x00000000c0000000,0x00000000c160b4c0,0x00000000c4300000)
 Metaspace       used 57292K, committed 58368K, reserved 1114112K
  class space    used 6244K, committed 6720K, reserved 1048576K
}
Event: 95.665 GC heap after
{Heap after GC invocations=22 (full 2):
 PSYoungGen      total 22016K, used 880K [0x00000000eab00000, 0x00000000ec300000, 0x0000000100000000)
  eden space 20992K, 0% used [0x00000000eab00000,0x00000000eab00000,0x00000000ebf80000)
  from space 1024K, 85% used [0x00000000ec200000,0x00000000ec2dc010,0x00000000ec300000)
  to   space 1536K, 0% used [0x00000000ec000000,0x00000000ec000000,0x00000000ec180000)
 ParOldGen       total 68608K, used 24105K [0x00000000c0000000, 0x00000000c4300000, 0x00000000eab00000)
  object space 68608K, 35% used [0x00000000c0000000,0x00000000c178a610,0x00000000c4300000)
 Metaspace       used 57292K, committed 58368K, reserved 1114112K
  class space    used 6244K, committed 6720K, reserved 1048576K
}
Event: 101.238 GC heap before
{Heap before GC invocations=23 (full 2):
 PSYoungGen      total 22016K, used 21872K [0x00000000eab00000, 0x00000000ec300000, 0x0000000100000000)
  eden space 20992K, 100% used [0x00000000eab00000,0x00000000ebf80000,0x00000000ebf80000)
  from space 1024K, 85% used [0x00000000ec200000,0x00000000ec2dc010,0x00000000ec300000)
  to   space 1536K, 0% used [0x00000000ec000000,0x00000000ec000000,0x00000000ec180000)
 ParOldGen       total 68608K, used 24105K [0x00000000c0000000, 0x00000000c4300000, 0x00000000eab00000)
  object space 68608K, 35% used [0x00000000c0000000,0x00000000c178a610,0x00000000c4300000)
 Metaspace       used 57401K, committed 58432K, reserved 1114112K
  class space    used 6244K, committed 6720K, reserved 1048576K
}
Event: 101.239 GC heap after
{Heap after GC invocations=23 (full 2):
 PSYoungGen      total 22528K, used 160K [0x00000000eab00000, 0x00000000ec280000, 0x0000000100000000)
  eden space 20992K, 0% used [0x00000000eab00000,0x00000000eab00000,0x00000000ebf80000)
  from space 1536K, 10% used [0x00000000ec000000,0x00000000ec028000,0x00000000ec180000)
  to   space 512K, 0% used [0x00000000ec200000,0x00000000ec200000,0x00000000ec280000)
 ParOldGen       total 68608K, used 24831K [0x00000000c0000000, 0x00000000c4300000, 0x00000000eab00000)
  object space 68608K, 36% used [0x00000000c0000000,0x00000000c183fe70,0x00000000c4300000)
 Metaspace       used 57401K, committed 58432K, reserved 1114112K
  class space    used 6244K, committed 6720K, reserved 1048576K
}
Event: 105.484 GC heap before
{Heap before GC invocations=24 (full 2):
 PSYoungGen      total 22528K, used 21152K [0x00000000eab00000, 0x00000000ec280000, 0x0000000100000000)
  eden space 20992K, 100% used [0x00000000eab00000,0x00000000ebf80000,0x00000000ebf80000)
  from space 1536K, 10% used [0x00000000ec000000,0x00000000ec028000,0x00000000ec180000)
  to   space 512K, 0% used [0x00000000ec200000,0x00000000ec200000,0x00000000ec280000)
 ParOldGen       total 68608K, used 24831K [0x00000000c0000000, 0x00000000c4300000, 0x00000000eab00000)
  object space 68608K, 36% used [0x00000000c0000000,0x00000000c183fe70,0x00000000c4300000)
 Metaspace       used 57401K, committed 58432K, reserved 1114112K
  class space    used 6244K, committed 6720K, reserved 1048576K
}
Event: 105.485 GC heap after
{Heap after GC invocations=24 (full 2):
 PSYoungGen      total 21504K, used 192K [0x00000000eab00000, 0x00000000ec280000, 0x0000000100000000)
  eden space 20992K, 0% used [0x00000000eab00000,0x00000000eab00000,0x00000000ebf80000)
  from space 512K, 37% used [0x00000000ec200000,0x00000000ec230000,0x00000000ec280000)
  to   space 512K, 0% used [0x00000000ec180000,0x00000000ec180000,0x00000000ec200000)
 ParOldGen       total 68608K, used 24879K [0x00000000c0000000, 0x00000000c4300000, 0x00000000eab00000)
  object space 68608K, 36% used [0x00000000c0000000,0x00000000c184be70,0x00000000c4300000)
 Metaspace       used 57401K, committed 58432K, reserved 1114112K
  class space    used 6244K, committed 6720K, reserved 1048576K
}
Event: 108.717 GC heap before
{Heap before GC invocations=25 (full 2):
 PSYoungGen      total 21504K, used 21184K [0x00000000eab00000, 0x00000000ec280000, 0x0000000100000000)
  eden space 20992K, 100% used [0x00000000eab00000,0x00000000ebf80000,0x00000000ebf80000)
  from space 512K, 37% used [0x00000000ec200000,0x00000000ec230000,0x00000000ec280000)
  to   space 512K, 0% used [0x00000000ec180000,0x00000000ec180000,0x00000000ec200000)
 ParOldGen       total 68608K, used 24879K [0x00000000c0000000, 0x00000000c4300000, 0x00000000eab00000)
  object space 68608K, 36% used [0x00000000c0000000,0x00000000c184be70,0x00000000c4300000)
 Metaspace       used 57404K, committed 58432K, reserved 1114112K
  class space    used 6245K, committed 6720K, reserved 1048576K
}
Event: 108.717 GC heap after
{Heap after GC invocations=25 (full 2):
 PSYoungGen      total 21504K, used 192K [0x00000000eab00000, 0x00000000ec280000, 0x0000000100000000)
  eden space 20992K, 0% used [0x00000000eab00000,0x00000000eab00000,0x00000000ebf80000)
  from space 512K, 37% used [0x00000000ec180000,0x00000000ec1b0000,0x00000000ec200000)
  to   space 512K, 0% used [0x00000000ec200000,0x00000000ec200000,0x00000000ec280000)
 ParOldGen       total 68608K, used 24919K [0x00000000c0000000, 0x00000000c4300000, 0x00000000eab00000)
  object space 68608K, 36% used [0x00000000c0000000,0x00000000c1855e70,0x00000000c4300000)
 Metaspace       used 57404K, committed 58432K, reserved 1114112K
  class space    used 6245K, committed 6720K, reserved 1048576K
}
Event: 112.097 GC heap before
{Heap before GC invocations=26 (full 2):
 PSYoungGen      total 21504K, used 21184K [0x00000000eab00000, 0x00000000ec280000, 0x0000000100000000)
  eden space 20992K, 100% used [0x00000000eab00000,0x00000000ebf80000,0x00000000ebf80000)
  from space 512K, 37% used [0x00000000ec180000,0x00000000ec1b0000,0x00000000ec200000)
  to   space 512K, 0% used [0x00000000ec200000,0x00000000ec200000,0x00000000ec280000)
 ParOldGen       total 68608K, used 24919K [0x00000000c0000000, 0x00000000c4300000, 0x00000000eab00000)
  object space 68608K, 36% used [0x00000000c0000000,0x00000000c1855e70,0x00000000c4300000)
 Metaspace       used 57404K, committed 58432K, reserved 1114112K
  class space    used 6245K, committed 6720K, reserved 1048576K
}
Event: 112.098 GC heap after
{Heap after GC invocations=26 (full 2):
 PSYoungGen      total 21504K, used 256K [0x00000000eab00000, 0x00000000ec280000, 0x0000000100000000)
  eden space 20992K, 0% used [0x00000000eab00000,0x00000000eab00000,0x00000000ebf80000)
  from space 512K, 50% used [0x00000000ec200000,0x00000000ec240000,0x00000000ec280000)
  to   space 512K, 0% used [0x00000000ec180000,0x00000000ec180000,0x00000000ec200000)
 ParOldGen       total 68608K, used 24959K [0x00000000c0000000, 0x00000000c4300000, 0x00000000eab00000)
  object space 68608K, 36% used [0x00000000c0000000,0x00000000c185fe70,0x00000000c4300000)
 Metaspace       used 57404K, committed 58432K, reserved 1114112K
  class space    used 6245K, committed 6720K, reserved 1048576K
}

Dll operation events (14 events):
Event: 0.011 Loaded shared library c:\Users\ALEX DAVID RUIDIAZ C\.vscode\extensions\redhat.java-1.36.0-win32-x64\jre\17.0.13-win32-x86_64\bin\java.dll
Event: 0.254 Loaded shared library c:\Users\ALEX DAVID RUIDIAZ C\.vscode\extensions\redhat.java-1.36.0-win32-x64\jre\17.0.13-win32-x86_64\bin\zip.dll
Event: 0.257 Loaded shared library C:\Users\ALEX DAVID RUIDIAZ C\.vscode\extensions\redhat.java-1.36.0-win32-x64\jre\17.0.13-win32-x86_64\bin\instrument.dll
Event: 0.277 Loaded shared library C:\Users\ALEX DAVID RUIDIAZ C\.vscode\extensions\redhat.java-1.36.0-win32-x64\jre\17.0.13-win32-x86_64\bin\net.dll
Event: 0.279 Loaded shared library C:\Users\ALEX DAVID RUIDIAZ C\.vscode\extensions\redhat.java-1.36.0-win32-x64\jre\17.0.13-win32-x86_64\bin\nio.dll
Event: 0.288 Loaded shared library C:\Users\ALEX DAVID RUIDIAZ C\.vscode\extensions\redhat.java-1.36.0-win32-x64\jre\17.0.13-win32-x86_64\bin\zip.dll
Event: 0.318 Loaded shared library C:\Users\ALEX DAVID RUIDIAZ C\.vscode\extensions\redhat.java-1.36.0-win32-x64\jre\17.0.13-win32-x86_64\bin\jimage.dll
Event: 0.428 Loaded shared library c:\Users\ALEX DAVID RUIDIAZ C\.vscode\extensions\redhat.java-1.36.0-win32-x64\jre\17.0.13-win32-x86_64\bin\verify.dll
Event: 2.672 Loaded shared library C:\Users\ALEX DAVID RUIDIAZ C\AppData\Roaming\Code\User\globalStorage\redhat.java\1.36.0\config_win\org.eclipse.equinox.launcher\org.eclipse.equinox.launcher.win32.win32.x86_64_1.2.1100.v20240722-2106\eclipse_11904.dll
Event: 6.862 Loaded shared library C:\Users\ALEX DAVID RUIDIAZ C\.vscode\extensions\redhat.java-1.36.0-win32-x64\jre\17.0.13-win32-x86_64\bin\management.dll
Event: 6.865 Loaded shared library C:\Users\ALEX DAVID RUIDIAZ C\.vscode\extensions\redhat.java-1.36.0-win32-x64\jre\17.0.13-win32-x86_64\bin\management_ext.dll
Event: 9.580 Loaded shared library C:\Users\ALEX DAVID RUIDIAZ C\AppData\Local\Temp\jna--279687879\jna10678711385500758694.dll
Event: 14.728 Loaded shared library C:\Users\ALEX DAVID RUIDIAZ C\.vscode\extensions\redhat.java-1.36.0-win32-x64\jre\17.0.13-win32-x86_64\bin\sunmscapi.dll
Event: 16.135 Loaded shared library C:\Users\ALEX DAVID RUIDIAZ C\.vscode\extensions\redhat.java-1.36.0-win32-x64\jre\17.0.13-win32-x86_64\bin\extnet.dll

Deoptimization events (20 events):
Event: 111.527 Thread 0x0000023f930f24b0 Uncommon trap: trap_request=0xffffffde fr.pc=0x0000023f87e33644 relative=0x0000000000002ac4
Event: 111.527 Thread 0x0000023f930f24b0 Uncommon trap: reason=class_check action=maybe_recompile pc=0x0000023f87e33644 method=org.eclipse.lsp4j.adapters.WorkDoneProgressNotificationAdapter.write(Lcom/google/gson/stream/JsonWriter;Ljava/lang/Object;)V @ 3 c2
Event: 111.527 Thread 0x0000023f930f24b0 DEOPT PACKING pc=0x0000023f87e33644 sp=0x000000eb2b3fdeb0
Event: 111.527 Thread 0x0000023f930f24b0 DEOPT UNPACKING pc=0x0000023f87589ea3 sp=0x000000eb2b3fdbe0 mode 2
Event: 111.759 Thread 0x0000023f930f24b0 Uncommon trap: trap_request=0xffffffde fr.pc=0x0000023f87e3fb58 relative=0x0000000000007f38
Event: 111.759 Thread 0x0000023f930f24b0 Uncommon trap: reason=class_check action=maybe_recompile pc=0x0000023f87e3fb58 method=org.eclipse.lsp4j.jsonrpc.json.adapters.MessageTypeAdapter.write(Lcom/google/gson/stream/JsonWriter;Ljava/lang/Object;)V @ 3 c2
Event: 111.759 Thread 0x0000023f930f24b0 DEOPT PACKING pc=0x0000023f87e3fb58 sp=0x000000eb2b3fdf00
Event: 111.759 Thread 0x0000023f930f24b0 DEOPT UNPACKING pc=0x0000023f87589ea3 sp=0x000000eb2b3fde90 mode 2
Event: 111.760 Thread 0x0000023f930f24b0 Uncommon trap: trap_request=0xffffffde fr.pc=0x0000023f87e33644 relative=0x0000000000002ac4
Event: 111.760 Thread 0x0000023f930f24b0 Uncommon trap: reason=class_check action=maybe_recompile pc=0x0000023f87e33644 method=org.eclipse.lsp4j.adapters.WorkDoneProgressNotificationAdapter.write(Lcom/google/gson/stream/JsonWriter;Ljava/lang/Object;)V @ 3 c2
Event: 111.760 Thread 0x0000023f930f24b0 DEOPT PACKING pc=0x0000023f87e33644 sp=0x000000eb2b3fdeb0
Event: 111.760 Thread 0x0000023f930f24b0 DEOPT UNPACKING pc=0x0000023f87589ea3 sp=0x000000eb2b3fdbe0 mode 2
Event: 112.199 Thread 0x0000023f930f24b0 Uncommon trap: trap_request=0xffffffde fr.pc=0x0000023f87e3fb58 relative=0x0000000000007f38
Event: 112.199 Thread 0x0000023f930f24b0 Uncommon trap: reason=class_check action=maybe_recompile pc=0x0000023f87e3fb58 method=org.eclipse.lsp4j.jsonrpc.json.adapters.MessageTypeAdapter.write(Lcom/google/gson/stream/JsonWriter;Ljava/lang/Object;)V @ 3 c2
Event: 112.199 Thread 0x0000023f930f24b0 DEOPT PACKING pc=0x0000023f87e3fb58 sp=0x000000eb2b3fdf00
Event: 112.199 Thread 0x0000023f930f24b0 DEOPT UNPACKING pc=0x0000023f87589ea3 sp=0x000000eb2b3fde90 mode 2
Event: 112.620 Thread 0x0000023f930f24b0 Uncommon trap: trap_request=0xffffffde fr.pc=0x0000023f87e3fb58 relative=0x0000000000007f38
Event: 112.620 Thread 0x0000023f930f24b0 Uncommon trap: reason=class_check action=maybe_recompile pc=0x0000023f87e3fb58 method=org.eclipse.lsp4j.jsonrpc.json.adapters.MessageTypeAdapter.write(Lcom/google/gson/stream/JsonWriter;Ljava/lang/Object;)V @ 3 c2
Event: 112.620 Thread 0x0000023f930f24b0 DEOPT PACKING pc=0x0000023f87e3fb58 sp=0x000000eb2b3fdf00
Event: 112.620 Thread 0x0000023f930f24b0 DEOPT UNPACKING pc=0x0000023f87589ea3 sp=0x000000eb2b3fde90 mode 2

Classes loaded (20 events):
Event: 22.462 Loading class java/nio/file/FileTreeWalker$Event
Event: 22.462 Loading class java/nio/file/FileTreeWalker$Event done
Event: 22.463 Loading class java/nio/file/FileTreeWalker$EventType
Event: 22.463 Loading class java/nio/file/FileTreeWalker$EventType done
Event: 22.463 Loading class java/nio/file/Files$3
Event: 22.463 Loading class java/nio/file/Files$3 done
Event: 22.467 Loading class java/nio/file/FileVisitResult
Event: 22.467 Loading class java/nio/file/FileVisitResult done
Event: 22.735 Loading class java/lang/Class$EnclosingMethodInfo
Event: 22.735 Loading class java/lang/Class$EnclosingMethodInfo done
Event: 22.920 Loading class java/util/concurrent/CompletableFuture$Signaller
Event: 22.920 Loading class java/util/concurrent/CompletableFuture$Signaller done
Event: 29.459 Loading class sun/security/ssl/Alert
Event: 29.459 Loading class sun/security/ssl/Alert done
Event: 29.460 Loading class sun/security/ssl/Alert$AlertConsumer
Event: 29.460 Loading class sun/security/ssl/Alert$AlertConsumer done
Event: 29.460 Loading class sun/security/ssl/Alert$Level
Event: 29.460 Loading class sun/security/ssl/Alert$Level done
Event: 107.175 Loading class java/nio/channels/CompletionHandler
Event: 107.175 Loading class java/nio/channels/CompletionHandler done

Classes unloaded (11 events):
Event: 9.234 Thread 0x0000023fff5914b0 Unloading class 0x0000000100371400 'java/lang/invoke/LambdaForm$MH+0x0000000100371400'
Event: 9.234 Thread 0x0000023fff5914b0 Unloading class 0x0000000100370400 'java/lang/invoke/LambdaForm$MH+0x0000000100370400'
Event: 9.234 Thread 0x0000023fff5914b0 Unloading class 0x000000010036f800 'java/lang/invoke/LambdaForm$DMH+0x000000010036f800'
Event: 9.234 Thread 0x0000023fff5914b0 Unloading class 0x000000010036ec00 'java/lang/invoke/LambdaForm$MH+0x000000010036ec00'
Event: 9.234 Thread 0x0000023fff5914b0 Unloading class 0x0000000100258000 'java/lang/invoke/LambdaForm$MH+0x0000000100258000'
Event: 9.234 Thread 0x0000023fff5914b0 Unloading class 0x0000000100257c00 'java/lang/invoke/LambdaForm$MH+0x0000000100257c00'
Event: 9.234 Thread 0x0000023fff5914b0 Unloading class 0x0000000100257800 'java/lang/invoke/LambdaForm$MH+0x0000000100257800'
Event: 9.234 Thread 0x0000023fff5914b0 Unloading class 0x0000000100257400 'java/lang/invoke/LambdaForm$MH+0x0000000100257400'
Event: 9.234 Thread 0x0000023fff5914b0 Unloading class 0x0000000100257000 'java/lang/invoke/LambdaForm$BMH+0x0000000100257000'
Event: 9.234 Thread 0x0000023fff5914b0 Unloading class 0x0000000100256c00 'java/lang/invoke/LambdaForm$DMH+0x0000000100256c00'
Event: 9.235 Thread 0x0000023fff5914b0 Unloading class 0x0000000100254400 'java/lang/invoke/LambdaForm$DMH+0x0000000100254400'

Classes redefined (0 events):
No events

Internal exceptions (20 events):
Event: 22.725 Thread 0x0000023f930f1580 Exception <a 'sun/nio/fs/WindowsException'{0x00000000eb5eb2d8}> (0x00000000eb5eb2d8) 
thrown [s\src\hotspot\share\prims\jni.cpp, line 516]
Event: 22.726 Thread 0x0000023f930f1580 Exception <a 'sun/nio/fs/WindowsException'{0x00000000eb5ef4b0}> (0x00000000eb5ef4b0) 
thrown [s\src\hotspot\share\prims\jni.cpp, line 516]
Event: 22.727 Thread 0x0000023f930f1580 Exception <a 'sun/nio/fs/WindowsException'{0x00000000eb5f3180}> (0x00000000eb5f3180) 
thrown [s\src\hotspot\share\prims\jni.cpp, line 516]
Event: 22.728 Thread 0x0000023f930f1580 Exception <a 'sun/nio/fs/WindowsException'{0x00000000eb5f6b40}> (0x00000000eb5f6b40) 
thrown [s\src\hotspot\share\prims\jni.cpp, line 516]
Event: 22.729 Thread 0x0000023f930f1580 Exception <a 'sun/nio/fs/WindowsException'{0x00000000eb5fa6e0}> (0x00000000eb5fa6e0) 
thrown [s\src\hotspot\share\prims\jni.cpp, line 516]
Event: 22.732 Thread 0x0000023f930f1580 Exception <a 'sun/nio/fs/WindowsException'{0x00000000eb5fe278}> (0x00000000eb5fe278) 
thrown [s\src\hotspot\share\prims\jni.cpp, line 516]
Event: 22.900 Thread 0x0000023f930f1580 Exception <a 'sun/nio/fs/WindowsException'{0x00000000eb827020}> (0x00000000eb827020) 
thrown [s\src\hotspot\share\prims\jni.cpp, line 516]
Event: 22.900 Thread 0x0000023f930f1580 Exception <a 'sun/nio/fs/WindowsException'{0x00000000eb827918}> (0x00000000eb827918) 
thrown [s\src\hotspot\share\prims\jni.cpp, line 516]
Event: 22.900 Thread 0x0000023f930f1580 Exception <a 'sun/nio/fs/WindowsException'{0x00000000eb829730}> (0x00000000eb829730) 
thrown [s\src\hotspot\share\prims\jni.cpp, line 516]
Event: 22.900 Thread 0x0000023f930f1580 Exception <a 'sun/nio/fs/WindowsException'{0x00000000eb82a078}> (0x00000000eb82a078) 
thrown [s\src\hotspot\share\prims\jni.cpp, line 516]
Event: 22.901 Thread 0x0000023f930f1580 Exception <a 'sun/nio/fs/WindowsException'{0x00000000eb82b0e8}> (0x00000000eb82b0e8) 
thrown [s\src\hotspot\share\prims\jni.cpp, line 516]
Event: 22.901 Thread 0x0000023f930f1580 Exception <a 'sun/nio/fs/WindowsException'{0x00000000eb82b740}> (0x00000000eb82b740) 
thrown [s\src\hotspot\share\prims\jni.cpp, line 516]
Event: 22.901 Thread 0x0000023f930f1580 Exception <a 'sun/nio/fs/WindowsException'{0x00000000eb82c500}> (0x00000000eb82c500) 
thrown [s\src\hotspot\share\prims\jni.cpp, line 516]
Event: 22.902 Thread 0x0000023f930f1580 Exception <a 'sun/nio/fs/WindowsException'{0x00000000eb82d0c8}> (0x00000000eb82d0c8) 
thrown [s\src\hotspot\share\prims\jni.cpp, line 516]
Event: 22.902 Thread 0x0000023f930f1580 Exception <a 'sun/nio/fs/WindowsException'{0x00000000eb82e210}> (0x00000000eb82e210) 
thrown [s\src\hotspot\share\prims\jni.cpp, line 516]
Event: 22.902 Thread 0x0000023f930f1580 Exception <a 'sun/nio/fs/WindowsException'{0x00000000eb82eb88}> (0x00000000eb82eb88) 
thrown [s\src\hotspot\share\prims\jni.cpp, line 516]
Event: 22.902 Thread 0x0000023f930f1580 Exception <a 'sun/nio/fs/WindowsException'{0x00000000eb82ff08}> (0x00000000eb82ff08) 
thrown [s\src\hotspot\share\prims\jni.cpp, line 516]
Event: 22.902 Thread 0x0000023f930f1580 Exception <a 'sun/nio/fs/WindowsException'{0x00000000eb830850}> (0x00000000eb830850) 
thrown [s\src\hotspot\share\prims\jni.cpp, line 516]
Event: 22.903 Thread 0x0000023f930f1580 Exception <a 'sun/nio/fs/WindowsException'{0x00000000eb831850}> (0x00000000eb831850) 
thrown [s\src\hotspot\share\prims\jni.cpp, line 516]
Event: 22.903 Thread 0x0000023f930f1580 Exception <a 'sun/nio/fs/WindowsException'{0x00000000eb831e88}> (0x00000000eb831e88) 
thrown [s\src\hotspot\share\prims\jni.cpp, line 516]

VM Operations (20 events):
Event: 104.251 Executing VM operation: Cleanup
Event: 104.251 Executing VM operation: Cleanup done
Event: 105.484 Executing VM operation: ParallelGCFailedAllocation
Event: 105.485 Executing VM operation: ParallelGCFailedAllocation done
Event: 106.488 Executing VM operation: Cleanup
Event: 106.488 Executing VM operation: Cleanup done
Event: 107.488 Executing VM operation: Cleanup
Event: 107.488 Executing VM operation: Cleanup done
Event: 108.502 Executing VM operation: Cleanup
Event: 108.502 Executing VM operation: Cleanup done
Event: 108.717 Executing VM operation: ParallelGCFailedAllocation
Event: 108.717 Executing VM operation: ParallelGCFailedAllocation done
Event: 109.727 Executing VM operation: Cleanup
Event: 109.727 Executing VM operation: Cleanup done
Event: 110.734 Executing VM operation: Cleanup
Event: 110.734 Executing VM operation: Cleanup done
Event: 111.735 Executing VM operation: Cleanup
Event: 111.735 Executing VM operation: Cleanup done
Event: 112.097 Executing VM operation: ParallelGCFailedAllocation
Event: 112.098 Executing VM operation: ParallelGCFailedAllocation done

Memory protections (0 events):
No events

Nmethod flushes (20 events):
Event: 12.274 Thread 0x0000023fff5f57a0 flushing  nmethod 0x0000023f809fb110
Event: 12.274 Thread 0x0000023fff5f57a0 flushing  nmethod 0x0000023f809fb690
Event: 12.274 Thread 0x0000023fff5f57a0 flushing  nmethod 0x0000023f809fbb90
Event: 12.274 Thread 0x0000023fff5f57a0 flushing  nmethod 0x0000023f809fc110
Event: 12.274 Thread 0x0000023fff5f57a0 flushing  nmethod 0x0000023f809fcd90
Event: 12.274 Thread 0x0000023fff5f57a0 flushing  nmethod 0x0000023f809fd610
Event: 12.274 Thread 0x0000023fff5f57a0 flushing  nmethod 0x0000023f809fdf90
Event: 12.274 Thread 0x0000023fff5f57a0 flushing  nmethod 0x0000023f809feb10
Event: 12.274 Thread 0x0000023fff5f57a0 flushing  nmethod 0x0000023f80a00490
Event: 12.274 Thread 0x0000023fff5f57a0 flushing  nmethod 0x0000023f80a02090
Event: 12.274 Thread 0x0000023fff5f57a0 flushing  nmethod 0x0000023f80a03090
Event: 12.274 Thread 0x0000023fff5f57a0 flushing  nmethod 0x0000023f80a08410
Event: 12.274 Thread 0x0000023fff5f57a0 flushing  nmethod 0x0000023f80a09290
Event: 12.274 Thread 0x0000023fff5f57a0 flushing  nmethod 0x0000023f80a0a010
Event: 12.274 Thread 0x0000023fff5f57a0 flushing  nmethod 0x0000023f80a0d090
Event: 12.274 Thread 0x0000023fff5f57a0 flushing  nmethod 0x0000023f80a10990
Event: 12.274 Thread 0x0000023fff5f57a0 flushing  nmethod 0x0000023f80a54e90
Event: 12.274 Thread 0x0000023fff5f57a0 flushing  nmethod 0x0000023f80a55790
Event: 12.274 Thread 0x0000023fff5f57a0 flushing  nmethod 0x0000023f80a56710
Event: 12.274 Thread 0x0000023fff5f57a0 flushing  nmethod 0x0000023f80a68e90

Events (20 events):
Event: 19.871 Thread 0x0000023fff5ebf20 Thread added: 0x0000023fff8bc6f0
Event: 20.131 Thread 0x0000023f930f24b0 Thread exited: 0x0000023f930f24b0
Event: 20.132 Thread 0x0000023f930f1fa0 Thread exited: 0x0000023f930f1fa0
Event: 20.137 Thread 0x0000023f930f4310 Thread exited: 0x0000023f930f4310
Event: 20.138 Thread 0x0000023fff8bc6f0 Thread exited: 0x0000023fff8bc6f0
Event: 20.139 Thread 0x0000023f930f4820 Thread exited: 0x0000023f930f4820
Event: 20.204 Thread 0x0000023f930f7fd0 Thread added: 0x0000023f930f89f0
Event: 20.204 Thread 0x0000023f930f7fd0 Thread added: 0x0000023f930f1fa0
Event: 20.204 Thread 0x0000023f930f7fd0 Thread added: 0x0000023f930f4310
Event: 20.204 Thread 0x0000023f930f7fd0 Thread added: 0x0000023f930f24b0
Event: 21.351 Thread 0x0000023f930f89f0 Thread exited: 0x0000023f930f89f0
Event: 21.397 Thread 0x0000023f930f1fa0 Thread exited: 0x0000023f930f1fa0
Event: 21.399 Thread 0x0000023f930f24b0 Thread exited: 0x0000023f930f24b0
Event: 21.399 Thread 0x0000023f930f4310 Thread exited: 0x0000023f930f4310
Event: 21.537 Thread 0x0000023fff5ebf20 Thread added: 0x0000023fff8bc6f0
Event: 22.882 Thread 0x0000023f930f1580 Thread added: 0x0000023f930f24b0
Event: 23.118 Thread 0x0000023fff8bc6f0 Thread exited: 0x0000023fff8bc6f0
Event: 29.461 Thread 0x0000023f930f4d30 Thread exited: 0x0000023f930f4d30
Event: 81.788 Thread 0x0000023f902cbaf0 Thread exited: 0x0000023f902cbaf0
Event: 81.788 Thread 0x0000023f902ca1a0 Thread exited: 0x0000023f902ca1a0


Dynamic libraries:
0x00007ff600a50000 - 0x00007ff600a5e000 	c:\Users\ALEX DAVID RUIDIAZ C\.vscode\extensions\redhat.java-1.36.0-win32-x64\jre\17.0.13-win32-x86_64\bin\java.exe
0x00007ffa21dd0000 - 0x00007ffa21fe7000 	C:\WINDOWS\SYSTEM32\ntdll.dll
0x00007ffa208a0000 - 0x00007ffa20964000 	C:\WINDOWS\System32\KERNEL32.DLL
0x00007ffa1f340000 - 0x00007ffa1f6f7000 	C:\WINDOWS\System32\KERNELBASE.dll
0x00007ffa1f970000 - 0x00007ffa1fa81000 	C:\WINDOWS\System32\ucrtbase.dll
0x00007ff9d2f20000 - 0x00007ff9d2f3e000 	c:\Users\ALEX DAVID RUIDIAZ C\.vscode\extensions\redhat.java-1.36.0-win32-x64\jre\17.0.13-win32-x86_64\bin\VCRUNTIME140.dll
0x00007ff9e33c0000 - 0x00007ff9e33d7000 	c:\Users\ALEX DAVID RUIDIAZ C\.vscode\extensions\redhat.java-1.36.0-win32-x64\jre\17.0.13-win32-x86_64\bin\jli.dll
0x00007ffa1fd50000 - 0x00007ffa1feff000 	C:\WINDOWS\System32\USER32.dll
0x00007ffa0bcc0000 - 0x00007ffa0bf53000 	C:\WINDOWS\WinSxS\amd64_microsoft.windows.common-controls_6595b64144ccf1df_6.0.22621.3672_none_2713b9d173822955\COMCTL32.dll
0x00007ffa1f250000 - 0x00007ffa1f276000 	C:\WINDOWS\System32\win32u.dll
0x00007ffa21ce0000 - 0x00007ffa21d87000 	C:\WINDOWS\System32\msvcrt.dll
0x00007ffa20470000 - 0x00007ffa20499000 	C:\WINDOWS\System32\GDI32.dll
0x00007ffa1f780000 - 0x00007ffa1f898000 	C:\WINDOWS\System32\gdi32full.dll
0x00007ffa1f8a0000 - 0x00007ffa1f93a000 	C:\WINDOWS\System32\msvcp_win.dll
0x00007ffa20420000 - 0x00007ffa20451000 	C:\WINDOWS\System32\IMM32.DLL
0x00007ff9f5420000 - 0x00007ff9f542c000 	c:\Users\ALEX DAVID RUIDIAZ C\.vscode\extensions\redhat.java-1.36.0-win32-x64\jre\17.0.13-win32-x86_64\bin\vcruntime140_1.dll
0x00007ff9ab2c0000 - 0x00007ff9ab34d000 	c:\Users\ALEX DAVID RUIDIAZ C\.vscode\extensions\redhat.java-1.36.0-win32-x64\jre\17.0.13-win32-x86_64\bin\msvcp140.dll
0x00007ff94f410000 - 0x00007ff95007b000 	c:\Users\ALEX DAVID RUIDIAZ C\.vscode\extensions\redhat.java-1.36.0-win32-x64\jre\17.0.13-win32-x86_64\bin\server\jvm.dll
0x00007ffa20b40000 - 0x00007ffa20bf2000 	C:\WINDOWS\System32\ADVAPI32.dll
0x00007ffa1fc20000 - 0x00007ffa1fcc8000 	C:\WINDOWS\System32\sechost.dll
0x00007ffa1f940000 - 0x00007ffa1f968000 	C:\WINDOWS\System32\bcrypt.dll
0x00007ffa1fb00000 - 0x00007ffa1fc14000 	C:\WINDOWS\System32\RPCRT4.dll
0x00007ffa1fcd0000 - 0x00007ffa1fd41000 	C:\WINDOWS\System32\WS2_32.dll
0x00007ffa19780000 - 0x00007ffa1978a000 	C:\WINDOWS\SYSTEM32\VERSION.dll
0x00007ffa1efb0000 - 0x00007ffa1effd000 	C:\WINDOWS\SYSTEM32\POWRPROF.dll
0x00007ffa1aa10000 - 0x00007ffa1aa44000 	C:\WINDOWS\SYSTEM32\WINMM.dll
0x00007ffa1ef90000 - 0x00007ffa1efa3000 	C:\WINDOWS\SYSTEM32\UMPDC.dll
0x00007ffa1e090000 - 0x00007ffa1e0a8000 	C:\WINDOWS\SYSTEM32\kernel.appcore.dll
0x00007ff9eb3c0000 - 0x00007ff9eb3ca000 	c:\Users\ALEX DAVID RUIDIAZ C\.vscode\extensions\redhat.java-1.36.0-win32-x64\jre\17.0.13-win32-x86_64\bin\jimage.dll
0x00007ffa1c970000 - 0x00007ffa1cba2000 	C:\WINDOWS\SYSTEM32\DBGHELP.DLL
0x00007ffa20500000 - 0x00007ffa2088e000 	C:\WINDOWS\System32\combase.dll
0x00007ffa20a00000 - 0x00007ffa20ad7000 	C:\WINDOWS\System32\OLEAUT32.dll
0x00007ffa0a180000 - 0x00007ffa0a1b2000 	C:\WINDOWS\SYSTEM32\dbgcore.DLL
0x00007ffa1f700000 - 0x00007ffa1f77b000 	C:\WINDOWS\System32\bcryptPrimitives.dll
0x00007ff9e6e80000 - 0x00007ff9e6e8e000 	c:\Users\ALEX DAVID RUIDIAZ C\.vscode\extensions\redhat.java-1.36.0-win32-x64\jre\17.0.13-win32-x86_64\bin\instrument.dll
0x00007ff9b0320000 - 0x00007ff9b0345000 	c:\Users\ALEX DAVID RUIDIAZ C\.vscode\extensions\redhat.java-1.36.0-win32-x64\jre\17.0.13-win32-x86_64\bin\java.dll
0x00007ff9c08e0000 - 0x00007ff9c08f8000 	c:\Users\ALEX DAVID RUIDIAZ C\.vscode\extensions\redhat.java-1.36.0-win32-x64\jre\17.0.13-win32-x86_64\bin\zip.dll
0x00007ffa20c00000 - 0x00007ffa21469000 	C:\WINDOWS\System32\SHELL32.dll
0x00007ffa1d050000 - 0x00007ffa1d94f000 	C:\WINDOWS\SYSTEM32\windows.storage.dll
0x00007ffa1cf10000 - 0x00007ffa1d04f000 	C:\WINDOWS\SYSTEM32\wintypes.dll
0x00007ffa21470000 - 0x00007ffa21569000 	C:\WINDOWS\System32\SHCORE.dll
0x00007ffa20970000 - 0x00007ffa209ce000 	C:\WINDOWS\System32\shlwapi.dll
0x00007ffa1f010000 - 0x00007ffa1f037000 	C:\WINDOWS\SYSTEM32\profapi.dll
0x00007ff9b6f20000 - 0x00007ff9b6f39000 	C:\Users\ALEX DAVID RUIDIAZ C\.vscode\extensions\redhat.java-1.36.0-win32-x64\jre\17.0.13-win32-x86_64\bin\net.dll
0x00007ffa1a8d0000 - 0x00007ffa1aa06000 	C:\WINDOWS\SYSTEM32\WINHTTP.dll
0x00007ffa1e5a0000 - 0x00007ffa1e609000 	C:\WINDOWS\system32\mswsock.dll
0x00007ff9b3b60000 - 0x00007ff9b3b76000 	C:\Users\ALEX DAVID RUIDIAZ C\.vscode\extensions\redhat.java-1.36.0-win32-x64\jre\17.0.13-win32-x86_64\bin\nio.dll
0x00007ff9e4740000 - 0x00007ff9e4750000 	c:\Users\ALEX DAVID RUIDIAZ C\.vscode\extensions\redhat.java-1.36.0-win32-x64\jre\17.0.13-win32-x86_64\bin\verify.dll
0x00007ff9ab070000 - 0x00007ff9ab0b5000 	C:\Users\ALEX DAVID RUIDIAZ C\AppData\Roaming\Code\User\globalStorage\redhat.java\1.36.0\config_win\org.eclipse.equinox.launcher\org.eclipse.equinox.launcher.win32.win32.x86_64_1.2.1100.v20240722-2106\eclipse_11904.dll
0x00007ffa1ffb0000 - 0x00007ffa20155000 	C:\WINDOWS\System32\ole32.dll
0x00007ff9e3e70000 - 0x00007ff9e3e7a000 	C:\Users\ALEX DAVID RUIDIAZ C\.vscode\extensions\redhat.java-1.36.0-win32-x64\jre\17.0.13-win32-x86_64\bin\management.dll
0x00007ff9e3c70000 - 0x00007ff9e3c7b000 	C:\Users\ALEX DAVID RUIDIAZ C\.vscode\extensions\redhat.java-1.36.0-win32-x64\jre\17.0.13-win32-x86_64\bin\management_ext.dll
0x00007ffa209d0000 - 0x00007ffa209d8000 	C:\WINDOWS\System32\PSAPI.DLL
0x00007ffa1e7f0000 - 0x00007ffa1e80b000 	C:\WINDOWS\SYSTEM32\CRYPTSP.dll
0x00007ffa1e0b0000 - 0x00007ffa1e0e5000 	C:\WINDOWS\system32\rsaenh.dll
0x00007ffa1e690000 - 0x00007ffa1e6b8000 	C:\WINDOWS\SYSTEM32\USERENV.dll
0x00007ffa1e810000 - 0x00007ffa1e81c000 	C:\WINDOWS\SYSTEM32\CRYPTBASE.dll
0x00007ffa1dbb0000 - 0x00007ffa1dbdd000 	C:\WINDOWS\SYSTEM32\IPHLPAPI.DLL
0x00007ffa20460000 - 0x00007ffa20469000 	C:\WINDOWS\System32\NSI.dll
0x00007ffa1aa60000 - 0x00007ffa1aa79000 	C:\WINDOWS\SYSTEM32\dhcpcsvc6.DLL
0x00007ffa1a8b0000 - 0x00007ffa1a8cf000 	C:\WINDOWS\SYSTEM32\dhcpcsvc.DLL
0x00007ffa1dc20000 - 0x00007ffa1dd22000 	C:\WINDOWS\SYSTEM32\DNSAPI.dll
0x00007ff9a91a0000 - 0x00007ff9a91e9000 	C:\Users\ALEX DAVID RUIDIAZ C\AppData\Local\Temp\jna--279687879\jna10678711385500758694.dll
0x00007ff9e3440000 - 0x00007ff9e344e000 	C:\Users\ALEX DAVID RUIDIAZ C\.vscode\extensions\redhat.java-1.36.0-win32-x64\jre\17.0.13-win32-x86_64\bin\sunmscapi.dll
0x00007ffa1f0e0000 - 0x00007ffa1f246000 	C:\WINDOWS\System32\CRYPT32.dll
0x00007ffa1e990000 - 0x00007ffa1e9bd000 	C:\WINDOWS\SYSTEM32\ncrypt.dll
0x00007ffa1e950000 - 0x00007ffa1e987000 	C:\WINDOWS\SYSTEM32\NTASN1.dll
0x00007ffa17180000 - 0x00007ffa1718a000 	C:\Windows\System32\rasadhlp.dll
0x00007ffa19d60000 - 0x00007ffa19de3000 	C:\WINDOWS\System32\fwpuclnt.dll
0x00007ff9e31e0000 - 0x00007ff9e31e9000 	C:\Users\ALEX DAVID RUIDIAZ C\.vscode\extensions\redhat.java-1.36.0-win32-x64\jre\17.0.13-win32-x86_64\bin\extnet.dll

dbghelp: loaded successfully - version: 4.0.5 - missing functions: none
symbol engine: initialized successfully - sym options: 0x614 - pdb path: .;c:\Users\ALEX DAVID RUIDIAZ C\.vscode\extensions\redhat.java-1.36.0-win32-x64\jre\17.0.13-win32-x86_64\bin;C:\WINDOWS\SYSTEM32;C:\WINDOWS\WinSxS\amd64_microsoft.windows.common-controls_6595b64144ccf1df_6.0.22621.3672_none_2713b9d173822955;c:\Users\ALEX DAVID RUIDIAZ C\.vscode\extensions\redhat.java-1.36.0-win32-x64\jre\17.0.13-win32-x86_64\bin\server;C:\Users\ALEX DAVID RUIDIAZ C\AppData\Roaming\Code\User\globalStorage\redhat.java\1.36.0\config_win\org.eclipse.equinox.launcher\org.eclipse.equinox.launcher.win32.win32.x86_64_1.2.1100.v20240722-2106;C:\Users\ALEX DAVID RUIDIAZ C\AppData\Local\Temp\jna--279687879

VM Arguments:
jvm_args: --add-modules=ALL-SYSTEM --add-opens=java.base/java.util=ALL-UNNAMED --add-opens=java.base/java.lang=ALL-UNNAMED --add-opens=java.base/sun.nio.fs=ALL-UNNAMED -Declipse.application=org.eclipse.jdt.ls.core.id1 -Dosgi.bundles.defaultStartLevel=4 -Declipse.product=org.eclipse.jdt.ls.core.product -Djava.import.generatesMetadataFilesAtProjectRoot=false -DDetectVMInstallationsJob.disabled=true -Dfile.encoding=utf8 -XX:+UseParallelGC -XX:GCTimeRatio=4 -XX:AdaptiveSizePolicyWeight=90 -Dsun.zip.disableMemoryMapping=true -Xmx1G -Xms100m -Xlog:disable -javaagent:c:\Users\ALEX DAVID RUIDIAZ C\.vscode\extensions\redhat.java-1.36.0-win32-x64\lombok\lombok-1.18.35.jar -XX:+HeapDumpOnOutOfMemoryError -XX:HeapDumpPath=c:\Users\ALEX DAVID RUIDIAZ C\AppData\Roaming\Code\User\workspaceStorage\7160aa69df7f456715918ce46451b06d\redhat.java -Daether.dependencyCollector.impl=bf 
java_command: c:\Users\ALEX DAVID RUIDIAZ C\.vscode\extensions\redhat.java-1.36.0-win32-x64\server\plugins\org.eclipse.equinox.launcher_1.6.900.v20240613-2009.jar -configuration c:\Users\ALEX DAVID RUIDIAZ C\AppData\Roaming\Code\User\globalStorage\redhat.java\1.36.0\config_win -data c:\Users\ALEX DAVID RUIDIAZ C\AppData\Roaming\Code\User\workspaceStorage\7160aa69df7f456715918ce46451b06d\redhat.java\jdt_ws --pipe=\\.\pipe\lsp-e487468d63a6b54a65bbb56d72d52740-sock
java_class_path (initial): c:\Users\ALEX DAVID RUIDIAZ C\.vscode\extensions\redhat.java-1.36.0-win32-x64\server\plugins\org.eclipse.equinox.launcher_1.6.900.v20240613-2009.jar
Launcher Type: SUN_STANDARD

[Global flags]
    uintx AdaptiveSizePolicyWeight                 = 90                                        {product} {command line}
     intx CICompilerCount                          = 4                                         {product} {ergonomic}
    uintx GCTimeRatio                              = 4                                         {product} {command line}
     bool HeapDumpOnOutOfMemoryError               = true                                   {manageable} {command line}
    ccstr HeapDumpPath                             = c:\Users\ALEX DAVID RUIDIAZ C\AppData\Roaming\Code\User\workspaceStorage\7160aa69df7f456715918ce46451b06d\redhat.java         {manageable} {command line}
   size_t InitialHeapSize                          = 104857600                                 {product} {command line}
   size_t MaxHeapSize                              = 1073741824                                {product} {command line}
   size_t MaxNewSize                               = 357564416                                 {product} {ergonomic}
   size_t MinHeapDeltaBytes                        = 524288                                    {product} {ergonomic}
   size_t MinHeapSize                              = 104857600                                 {product} {command line}
   size_t NewSize                                  = 34603008                                  {product} {ergonomic}
    uintx NonNMethodCodeHeapSize                   = 5839372                                {pd product} {ergonomic}
    uintx NonProfiledCodeHeapSize                  = 122909434                              {pd product} {ergonomic}
   size_t OldSize                                  = 70254592                                  {product} {ergonomic}
    uintx ProfiledCodeHeapSize                     = 122909434                              {pd product} {ergonomic}
    uintx ReservedCodeCacheSize                    = 251658240                              {pd product} {ergonomic}
     bool SegmentedCodeCache                       = true                                      {product} {ergonomic}
   size_t SoftMaxHeapSize                          = 1073741824                             {manageable} {ergonomic}
     bool UseCompressedClassPointers               = true                           {product lp64_product} {ergonomic}
     bool UseCompressedOops                        = true                           {product lp64_product} {ergonomic}
     bool UseLargePagesIndividualAllocation        = false                                  {pd product} {ergonomic}
     bool UseParallelGC                            = true                                      {product} {command line}

Logging:
Log output configuration:
 #0: stdout all=off uptime,level,tags
 #1: stderr all=off uptime,level,tags

Environment Variables:
JAVA_HOME=C:\Program Files\Java\jdk-17
PATH=C:\Program Files\Common Files\Oracle\Java\javapath;C:\Program Files (x86)\Common Files\Oracle\Java\javapath;C:\WINDOWS\system32;C:\WINDOWS;C:\WINDOWS\System32\Wbem;C:\WINDOWS\System32\WindowsPowerShell\v1.0\;C:\WINDOWS\System32\OpenSSH\;C:\Program Files\Go\bin;C:\Program Files\Git\cmd;C:\Program Files\nodejs\;C:\Program Files\MiKTeX\miktex\bin\x64\;C:\Program Files\dotnet\;C:\Program Files\Wondershare\Wondershare DemoCreator;C:\ProgramData\chocolatey\bin;C:\Program Files\Microsoft SQL Server\150\Tools\Binn\;C:\Program Files\Microsoft SQL Server\Client SDK\ODBC\170\Tools\Binn\;C:\Program Files (x86)\Windows Kits\10\Windows Performance Toolkit\;C:\Ruby32-x64\bin;C:\Users\ALEX DAVID RUIDIAZ C\AppData\Local\Programs\Python\Python37\Scripts\;C:\Users\ALEX DAVID RUIDIAZ C\AppData\Local\Programs\Python\Python37\;C:\Users\ALEX DAVID RUIDIAZ C\AppData\Local\Microsoft\WindowsApps;C:\Users\ALEX DAVID RUIDIAZ C\AppData\Local\Programs\Microsoft VS Code\bin;C:\Program Files\JetBrains\PyCharm 2021.3.3\bin;;C:\Users\ALEX DAVID RUIDIAZ C\go\bin;C:\Users\ALEX DAVID RUIDIAZ C\AppData\Local\GitHubDesktop\bin;C:\Users\ALEX DAVID RUIDIAZ C\AppData\Roaming\npm;C:\Users\ALEX DAVID RUIDIAZ C\.dotnet\tools;C:\Program Files\JetBrains\IntelliJ IDEA Community Edition 2024.2.4\bin;
USERNAME=ALEX DAVID RUIDIAZ C
OS=Windows_NT
PROCESSOR_IDENTIFIER=Intel64 Family 6 Model 126 Stepping 5, GenuineIntel
TMP=C:\Users\ALEXDA~1\AppData\Local\Temp
TEMP=C:\Users\ALEXDA~1\AppData\Local\Temp



Periodic native trim disabled


---------------  S Y S T E M  ---------------

OS:
 Windows 11 , 64 bit Build 22621 (10.0.22621.3958)
OS uptime: 10 days 16:53 hours

CPU: total 8 (initial active 8) (4 cores per cpu, 2 threads per core) family 6 model 126 stepping 5 microcode 0xa0, cx8, cmov, fxsr, ht, mmx, 3dnowpref, sse, sse2, sse3, ssse3, sse4.1, sse4.2, popcnt, lzcnt, tsc, tscinvbit, avx, avx2, aes, erms, clmul, bmi1, bmi2, adx, avx512f, avx512dq, avx512cd, avx512bw, avx512vl, sha, fma, vzeroupper, avx512_vpopcntdq, avx512_vpclmulqdq, avx512_vaes, avx512_vnni, clflush, clflushopt, avx512_vbmi2, avx512_vbmi
Processor Information for processor 0
  Max Mhz: 1201, Current Mhz: 1201, Mhz Limit: 1201
Processor Information for processor 1
  Max Mhz: 1201, Current Mhz: 1000, Mhz Limit: 1201
Processor Information for processor 2
  Max Mhz: 1201, Current Mhz: 1000, Mhz Limit: 1201
Processor Information for processor 3
  Max Mhz: 1201, Current Mhz: 1000, Mhz Limit: 1201
Processor Information for processor 4
  Max Mhz: 1201, Current Mhz: 1000, Mhz Limit: 1201
Processor Information for processor 5
  Max Mhz: 1201, Current Mhz: 1000, Mhz Limit: 1201
Processor Information for processor 6
  Max Mhz: 1201, Current Mhz: 1000, Mhz Limit: 1201
Processor Information for processor 7
  Max Mhz: 1201, Current Mhz: 1000, Mhz Limit: 1201

Memory: 4k page, system-wide physical 7932M (643M free)
TotalPageFile size 19646M (AvailPageFile size 4M)
current process WorkingSet (physical memory assigned to process): 202M, peak: 214M
current process commit charge ("private bytes"): 288M, peak: 303M

vm_info: OpenJDK 64-Bit Server VM (17.0.13+11) for windows-amd64 JRE (17.0.13+11), built on Oct 16 2024 00:10:08 by "admin" with MS VC++ 17.7 (VS2022)

END.
